<?xml version="1.0" encoding="UTF-8"?>
<!-- Generated by org.testng.reporters.JUnitReportReporter -->
<testsuite hostname="DESKTOP-JAV9JJ9" failures="0" tests="6" name="api.test.DDTests" time="2.339" errors="0" timestamp="2024-01-29T16:08:55 EST" skipped="0">
  <testcase classname="api.test.DDTests" name="testPostuser" time="0.145"/>
  <system-out/>
  <testcase classname="api.test.DDTests" name="testPostuser" time="0.139"/>
  <system-out/>
  <testcase classname="api.test.DDTests" name="testPostuser" time="1.596"/>
  <system-out/>
  <testcase classname="api.test.DDTests" name="testDeleteUserByName" time="0.161"/>
  <system-out/>
  <testcase classname="api.test.DDTests" name="testDeleteUserByName" time="0.159"/>
  <system-out/>
  <testcase classname="api.test.DDTests" name="testDeleteUserByName" time="0.139"/>
  <system-out/>
</testsuite> <!-- api.test.DDTests -->
