<?xml version="1.0" encoding="UTF-8"?>
<!-- Generated by org.testng.reporters.JUnitReportReporter -->
<testsuite hostname="DESKTOP-JAV9JJ9" failures="0" tests="4" name="api.test.UserTests" time="2.458" errors="0" timestamp="2024-01-29T19:43:44 EST" skipped="0">
  <testcase classname="api.test.UserTests" name="testPostUser" time="1.655"/>
  <system-out/>
  <testcase classname="api.test.UserTests" name="testGetUserByName" time="0.263"/>
  <system-out/>
  <testcase classname="api.test.UserTests" name="testUpdateUserByName" time="0.379"/>
  <system-out/>
  <testcase classname="api.test.UserTests" name="testDeleteUserByName" time="0.161"/>
  <system-out/>
</testsuite> <!-- api.test.UserTests -->
