<?xml version="1.0" encoding="UTF-8"?>
<!-- Generated by org.testng.reporters.JUnitReportReporter -->
<testsuite hostname="DESKTOP-JAV9JJ9" failures="0" tests="4" name="api.test.UserTests2" time="2.404" errors="0" timestamp="2024-02-04T17:50:26 EST" skipped="0">
  <testcase classname="api.test.UserTests2" name="testPostUser" time="1.819"/>
  <system-out/>
  <testcase classname="api.test.UserTests2" name="testGetUserByName" time="0.164"/>
  <system-out/>
  <testcase classname="api.test.UserTests2" name="testUpdateUserByName" time="0.271"/>
  <system-out/>
  <testcase classname="api.test.UserTests2" name="testDeleteUserByName" time="0.150"/>
  <system-out/>
</testsuite> <!-- api.test.UserTests2 -->
