<?xml version="1.0" encoding="UTF-8"?>
<!-- Generated by org.testng.reporters.JUnitReportReporter -->
<testsuite hostname="DESKTOP-JAV9JJ9" failures="0" tests="4" name="api.test.UserTests2" time="2.876" errors="0" timestamp="2024-02-04T19:02:19 EST" skipped="0">
  <testcase classname="api.test.UserTests2" name="testPostUser" time="2.011"/>
  <system-out/>
  <testcase classname="api.test.UserTests2" name="testGetUserByName" time="0.189"/>
  <system-out/>
  <testcase classname="api.test.UserTests2" name="testUpdateUserByName" time="0.309"/>
  <system-out/>
  <testcase classname="api.test.UserTests2" name="testDeleteUserByName" time="0.367"/>
  <system-out/>
</testsuite> <!-- api.test.UserTests2 -->
